
ROM used: 227 (11%)
          227 (11%) including unused fragments

          1 Average locations per line
          11 Average locations per statement

RAM used: 7 (3%) at main() level
          16 (7%) worst case

Stack used: 2 worst case (out of 8 total available)

Lines Stmts  %   Files
----- ----- ---  -----
   44    21 100  buton_dene.c
  208     0   0  ..\..\..\..\Program Files (x86)\PICC\devices\16f628A.h
----- -----
  252    21 Total

Page ROM  %  RAM   Vol Diff  Functions:
---- --- --- ---   --- ----  ----------
0     21   9   1             @delay_ms1
0     24  11   1   250  3.2  btn_oku
0     52  23   1   156  2.4  MAIN
0     21   9   3             @DIV88
0    105  46   6             @PRINTF_D_2400_50_49

Program metrics:
    Functions               2
    Statements              21
    Comments                63
    Volume (V)              497
    Difficilty (D)          5.3
    Effort to implement (E) 2616
    Time to implement (T)   2 minutes
    Est Delivered Bugs (B)  0
    Cyclomatic Complexity   4
    Maintainability (MI)    137

 Segment     Used  Free
-----------  ----  ----
00000-00003     4  0  
00004-007FF   223  1821  



